<?xml version="1.0" encoding="UTF-8"?>
<!-- Generated by org.testng.reporters.JUnitXMLReporter -->
<testsuite ignored="0" hostname="Lenovo" failures="0" tests="6" name="Test" time="69.585" errors="0" timestamp="2025-02-18T22:02:55 IST">
  <testcase classname="Tests.SearchHotelTest" name="testHotelSearch" time="12.169"/>
  <testcase classname="Tests.SearchHotelTest" name="testHotelSearch" time="9.32"/>
  <testcase classname="Tests.BookingTest" name="testBooking" time="24.535"/>
  <testcase classname="Tests.LoginTest" name="testLogin" time="7.611"/>
  <testcase classname="Tests.LoginTest" name="testLogin" time="7.427"/>
  <testcase classname="Tests.LoginTest" name="testLogin" time="7.272"/>
</testsuite> <!-- Test -->
