<?xml version="1.0" encoding="UTF-8"?>
<!-- Generated by org.testng.reporters.JUnitXMLReporter -->
<testsuite ignored="0" hostname="Lenovo" failures="0" tests="6" name="Test" time="68.441" errors="0" timestamp="2025-02-18T19:46:12 IST">
  <testcase classname="Tests.SearchHotelTest" name="testHotelSearch" time="12.377"/>
  <testcase classname="Tests.SearchHotelTest" name="testHotelSearch" time="9.277"/>
  <testcase classname="Tests.BookingTest" name="testBooking" time="23.773"/>
  <testcase classname="Tests.LoginTest" name="testLogin" time="7.123"/>
  <testcase classname="Tests.LoginTest" name="testLogin" time="7.008"/>
  <testcase classname="Tests.LoginTest" name="testLogin" time="6.78"/>
</testsuite> <!-- Test -->
