<?xml version="1.0" encoding="UTF-8"?>
<testng-results ignored="0" total="6" passed="6" failed="0" skipped="0">
  <reporter-output>
  </reporter-output>
  <suite started-at="2025-02-18T19:45:03 IST" name="Suite" finished-at="2025-02-18T19:46:12 IST" duration-ms="68441">
    <groups>
    </groups>
    <test started-at="2025-02-18T19:45:03 IST" name="Test" finished-at="2025-02-18T19:46:12 IST" duration-ms="68441">
      <class name="Tests.BookingTest">
        <test-method signature="testBooking(java.lang.String,java.lang.String,java.lang.String,java.lang.String,java.lang.String,java.lang.String,java.lang.String,java.lang.String,boolean)[pri:0, instance:Tests.BookingTest@1f59a598]" started-at="2025-02-18T19:45:25 IST" name="testBooking" data-provider="bookingData" finished-at="2025-02-18T19:45:49 IST" duration-ms="23773" status="PASS">
          <params>
            <param index="0">
              <value>
                <![CDATA[Nisha]]>
              </value>
            </param>
            <param index="1">
              <value>
                <![CDATA[Bee]]>
              </value>
            </param>
            <param index="2">
              <value>
                <![CDATA[Sydney]]>
              </value>
            </param>
            <param index="3">
              <value>
                <![CDATA[1234567812345678]]>
              </value>
            </param>
            <param index="4">
              <value>
                <![CDATA[VISA]]>
              </value>
            </param>
            <param index="5">
              <value>
                <![CDATA[April]]>
              </value>
            </param>
            <param index="6">
              <value>
                <![CDATA[2026]]>
              </value>
            </param>
            <param index="7">
              <value>
                <![CDATA[123]]>
              </value>
            </param>
            <param index="8">
              <value>
                <![CDATA[true]]>
              </value>
            </param>
          </params>
          <reporter-output>
          </reporter-output>
        </test-method> <!-- testBooking -->
      </class> <!-- Tests.BookingTest -->
      <class name="Tests.SearchHotelTest">
        <test-method signature="testHotelSearch(java.lang.String,java.lang.String,java.lang.String,java.lang.String,java.lang.String,boolean)[pri:0, instance:Tests.SearchHotelTest@d35dea7]" started-at="2025-02-18T19:45:03 IST" name="testHotelSearch" data-provider="hotelSearchData" finished-at="2025-02-18T19:45:15 IST" duration-ms="12377" status="PASS">
          <params>
            <param index="0">
              <value>
                <![CDATA[Sydney]]>
              </value>
            </param>
            <param index="1">
              <value>
                <![CDATA[Hotel Creek]]>
              </value>
            </param>
            <param index="2">
              <value>
                <![CDATA[Double]]>
              </value>
            </param>
            <param index="3">
              <value>
                <![CDATA[10-02-2025]]>
              </value>
            </param>
            <param index="4">
              <value>
                <![CDATA[14-02-2025]]>
              </value>
            </param>
            <param index="5">
              <value>
                <![CDATA[true]]>
              </value>
            </param>
          </params>
          <reporter-output>
          </reporter-output>
        </test-method> <!-- testHotelSearch -->
        <test-method signature="testHotelSearch(java.lang.String,java.lang.String,java.lang.String,java.lang.String,java.lang.String,boolean)[pri:0, instance:Tests.SearchHotelTest@d35dea7]" started-at="2025-02-18T19:45:15 IST" name="testHotelSearch" data-provider="hotelSearchData" finished-at="2025-02-18T19:45:25 IST" duration-ms="9277" status="PASS">
          <params>
            <param index="0">
              <value>
                <![CDATA[Sydney]]>
              </value>
            </param>
            <param index="1">
              <value>
                <![CDATA[Hotel Creek]]>
              </value>
            </param>
            <param index="2">
              <value>
                <![CDATA[Double]]>
              </value>
            </param>
            <param index="3">
              <value>
                <![CDATA[10-02-2025]]>
              </value>
            </param>
            <param index="4">
              <value>
                <![CDATA[14-02-2024]]>
              </value>
            </param>
            <param index="5">
              <value>
                <![CDATA[false]]>
              </value>
            </param>
          </params>
          <reporter-output>
          </reporter-output>
        </test-method> <!-- testHotelSearch -->
      </class> <!-- Tests.SearchHotelTest -->
      <class name="Tests.LoginTest">
        <test-method signature="testLogin(java.lang.String,java.lang.String,boolean)[pri:0, instance:Tests.LoginTest@1e178745]" started-at="2025-02-18T19:45:51 IST" name="testLogin" data-provider="loginData" finished-at="2025-02-18T19:45:58 IST" duration-ms="7123" status="PASS">
          <params>
            <param index="0">
              <value>
                <![CDATA[NivashAnish]]>
              </value>
            </param>
            <param index="1">
              <value>
                <![CDATA[Password]]>
              </value>
            </param>
            <param index="2">
              <value>
                <![CDATA[true]]>
              </value>
            </param>
          </params>
          <reporter-output>
          </reporter-output>
        </test-method> <!-- testLogin -->
        <test-method signature="testLogin(java.lang.String,java.lang.String,boolean)[pri:0, instance:Tests.LoginTest@1e178745]" started-at="2025-02-18T19:45:58 IST" name="testLogin" data-provider="loginData" finished-at="2025-02-18T19:46:05 IST" duration-ms="7008" status="PASS">
          <params>
            <param index="0">
              <value>
                <![CDATA[SalmanKhan]]>
              </value>
            </param>
            <param index="1">
              <value>
                <![CDATA[Password]]>
              </value>
            </param>
            <param index="2">
              <value>
                <![CDATA[false]]>
              </value>
            </param>
          </params>
          <reporter-output>
          </reporter-output>
        </test-method> <!-- testLogin -->
        <test-method signature="testLogin(java.lang.String,java.lang.String,boolean)[pri:0, instance:Tests.LoginTest@1e178745]" started-at="2025-02-18T19:46:05 IST" name="testLogin" data-provider="loginData" finished-at="2025-02-18T19:46:12 IST" duration-ms="6780" status="PASS">
          <params>
            <param index="0">
              <value>
                <![CDATA[NivashAnish]]>
              </value>
            </param>
            <param index="1">
              <value>
                <![CDATA[invalidPassword]]>
              </value>
            </param>
            <param index="2">
              <value>
                <![CDATA[false]]>
              </value>
            </param>
          </params>
          <reporter-output>
          </reporter-output>
        </test-method> <!-- testLogin -->
      </class> <!-- Tests.LoginTest -->
    </test> <!-- Test -->
  </suite> <!-- Suite -->
</testng-results>
