<?xml version="1.0" encoding="UTF-8"?>
<testng-results ignored="0" total="1" passed="1" failed="0" skipped="0">
  <reporter-output>
  </reporter-output>
  <suite started-at="2025-02-20T00:39:23 IST" name="Default suite" finished-at="2025-02-20T00:39:47 IST" duration-ms="23139">
    <groups>
    </groups>
    <test started-at="2025-02-20T00:39:23 IST" name="Default test" finished-at="2025-02-20T00:39:47 IST" duration-ms="23139">
      <class name="Tests.BookingTest">
        <test-method is-config="true" signature="setUp()[pri:0, instance:Tests.BookingTest@3bd82cf5]" started-at="2025-02-20T00:39:23 IST" name="setUp" finished-at="2025-02-20T00:39:29 IST" duration-ms="5337" status="PASS">
          <reporter-output>
          </reporter-output>
        </test-method> <!-- setUp -->
        <test-method signature="testBooking(java.lang.String,java.lang.String,java.lang.String,java.lang.String,java.lang.String,java.lang.String,java.lang.String,java.lang.String,boolean)[pri:0, instance:Tests.BookingTest@3bd82cf5]" started-at="2025-02-20T00:39:29 IST" name="testBooking" data-provider="bookingData" finished-at="2025-02-20T00:39:46 IST" duration-ms="17223" status="PASS">
          <params>
            <param index="0">
              <value>
                <![CDATA[Nisha]]>
              </value>
            </param>
            <param index="1">
              <value>
                <![CDATA[Bee]]>
              </value>
            </param>
            <param index="2">
              <value>
                <![CDATA[Sydney]]>
              </value>
            </param>
            <param index="3">
              <value>
                <![CDATA[1234567812345678]]>
              </value>
            </param>
            <param index="4">
              <value>
                <![CDATA[VISA]]>
              </value>
            </param>
            <param index="5">
              <value>
                <![CDATA[April]]>
              </value>
            </param>
            <param index="6">
              <value>
                <![CDATA[2026]]>
              </value>
            </param>
            <param index="7">
              <value>
                <![CDATA[123]]>
              </value>
            </param>
            <param index="8">
              <value>
                <![CDATA[true]]>
              </value>
            </param>
          </params>
          <reporter-output>
          </reporter-output>
        </test-method> <!-- testBooking -->
        <test-method is-config="true" signature="tearDown()[pri:0, instance:Tests.BookingTest@3bd82cf5]" started-at="2025-02-20T00:39:46 IST" name="tearDown" finished-at="2025-02-20T00:39:47 IST" duration-ms="513" status="PASS">
          <reporter-output>
          </reporter-output>
        </test-method> <!-- tearDown -->
      </class> <!-- Tests.BookingTest -->
    </test> <!-- Default test -->
  </suite> <!-- Default suite -->
</testng-results>
